[2015-03-07 18:59:30] START
[2015-03-07 19:04:19] CREATE tables.py: 0
[2015-03-07 19:22:10] EDIT findthatfarm/models/tables.py: 25
[2015-03-07 19:22:20] EDIT findthatfarm/models/tables.py: 1
[2015-03-07 19:24:43] EDIT findthatfarm/models/tables.py: 5
[2015-03-07 19:31:38] EDIT findthatfarm/models/tables.py: 3
[2015-03-07 19:32:51] EDIT findthatfarm/models/tables.py: -1
[2015-03-07 19:33:27] EDIT findthatfarm/models/tables.py: 0
[2015-03-07 19:35:38] EDIT findthatfarm/controllers/default.py: 12
[2015-03-07 19:39:04] EDIT findthatfarm/controllers/default.py: -8
[2015-03-07 19:40:02] EDIT findthatfarm/controllers/default.py: 122
[2015-03-07 19:41:56] EDIT findthatfarm/controllers/default.py: 0
[2015-03-07 19:42:27] EDIT findthatfarm/models/tables.py: 0
[2015-03-07 19:42:55] EDIT findthatfarm/controllers/default.py: -6
[2015-03-07 19:48:19] EDIT findthatfarm/controllers/default.py: 0
[2015-03-15 22:29:33] EDIT findthatfarm/views/default/index.html: -30
[2015-03-15 22:30:09] EDIT findthatfarm/controllers/default.py: -7
[2015-03-15 22:30:23] EDIT findthatfarm/controllers/default.py: 0
[2015-03-15 22:30:29] EDIT findthatfarm/controllers/default.py: 0
[2015-03-15 22:30:44] EDIT findthatfarm/controllers/default.py: 0
[2015-03-15 22:30:49] EDIT findthatfarm/controllers/default.py: 0
[2015-03-15 22:31:26] EDIT findthatfarm/controllers/default.py: 0
[2015-03-15 22:35:30] EDIT findthatfarm/views/default/index.html: 22
[2015-03-17 02:06:14] EDIT findthatfarm/models/tables.py: 15
[2015-03-17 02:06:24] EDIT findthatfarm/controllers/default.py: -59
[2015-03-17 02:07:39] CREATE default/all.html: 0
[2015-03-17 02:08:00] CREATE default/search.html: 0
[2015-03-17 02:08:47] EDIT findthatfarm/views/default/all.html: 10
[2015-03-17 02:09:00] EDIT findthatfarm/views/default/index.html: 8
[2015-03-17 02:09:11] EDIT findthatfarm/views/default/search.html: 17
[2015-03-17 02:13:30] EDIT findthatfarm/views/default/index.html: 0
[2015-03-17 02:13:49] EDIT findthatfarm/views/default/index.html: 0
[2015-03-17 02:14:05] EDIT findthatfarm/views/default/index.html: 0
[2015-03-17 02:14:19] EDIT findthatfarm/views/default/all.html: 0
[2015-03-17 02:14:40] EDIT findthatfarm/views/default/search.html: 0
[2015-03-17 02:14:57] EDIT findthatfarm/views/default/index.html: 0
[2015-03-17 02:16:59] EDIT findthatfarm/models/tables.py: 0
[2015-03-17 02:21:26] EDIT findthatfarm/controllers/default.py: 0
[2015-03-17 02:22:37] EDIT findthatfarm/controllers/default.py: 0
[2015-03-17 02:27:52] EDIT findthatfarm/controllers/default.py: 0
[2015-03-17 09:39:01] CREATE default/edit.html: 0
[2015-03-17 09:40:20] EDIT findthatfarm/views/default/edit.html: 1
[2015-03-17 09:40:26] EDIT findthatfarm/views/default/edit.html: 0
[2015-03-17 09:41:49] EDIT findthatfarm/views/default/index.html: 1
[2015-03-17 09:41:54] EDIT findthatfarm/views/default/index.html: 1
[2015-03-17 12:02:41] EDIT findthatfarm/views/default/edit.html: 0
[2015-03-17 12:02:48] EDIT findthatfarm/views/default/edit.html: 2
[2015-03-17 12:05:32] EDIT findthatfarm/controllers/default.py: -3
[2015-03-17 12:12:42] EDIT findthatfarm/views/default/index.html: 0
[2015-03-17 12:14:13] EDIT findthatfarm/views/default/index.html: 0
[2015-03-17 12:14:51] EDIT findthatfarm/views/default/index.html: 6
[2015-03-17 12:16:28] EDIT findthatfarm/views/default/index.html: 0
[2015-03-17 12:16:47] EDIT findthatfarm/views/default/index.html: 0
[2015-03-17 12:18:07] EDIT findthatfarm/views/default/index.html: 0
[2015-03-17 12:20:58] EDIT findthatfarm/views/default/index.html: 0
[2015-03-17 12:24:18] EDIT findthatfarm/views/default/index.html: 0
[2015-03-17 12:26:06] EDIT findthatfarm/views/default/index.html: 0
[2015-03-17 12:26:29] EDIT findthatfarm/views/default/index.html: -2
[2015-03-17 12:26:41] EDIT findthatfarm/views/default/index.html: 2
[2015-03-17 12:27:10] EDIT findthatfarm/views/default/index.html: 0
[2015-03-17 12:28:24] EDIT findthatfarm/views/default/index.html: -2
[2015-03-17 12:28:37] EDIT findthatfarm/views/default/index.html: 2
[2015-03-17 12:29:34] EDIT findthatfarm/views/default/index.html: 0
[2015-03-17 12:30:20] EDIT findthatfarm/views/default/index.html: 1
[2015-03-17 12:30:46] EDIT findthatfarm/views/default/index.html: 2
[2015-03-17 12:31:21] EDIT findthatfarm/views/default/index.html: -2
[2015-03-17 12:31:40] EDIT findthatfarm/views/default/index.html: 2
[2015-03-17 12:40:16] EDIT findthatfarm/views/layout.html: 0
[2015-03-17 12:40:58] EDIT findthatfarm/views/layout.html: 0
[2015-03-17 12:44:15] EDIT findthatfarm/views/layout.html: 0
[2015-03-17 12:45:10] EDIT findthatfarm/views/layout.html: 0
[2015-03-17 12:52:18] EDIT findthatfarm/views/default/index.html: 0
[2015-03-17 12:56:47] EDIT findthatfarm/views/default/index.html: 0
[2015-03-17 13:01:21] EDIT findthatfarm/views/default/index.html: 0
[2015-03-17 13:01:33] EDIT findthatfarm/views/default/index.html: 0
[2015-03-17 13:03:42] EDIT findthatfarm/views/default/index.html: 1
[2015-03-17 13:06:12] EDIT findthatfarm/views/default/all.html: 0
[2015-03-17 13:07:30] EDIT findthatfarm/models/tables.py: 2
[2015-03-17 13:44:55] CREATE results.html: 0
[2015-03-17 13:48:11] EDIT findthatfarm/views/results.html: 40
[2015-03-17 13:48:29] EDIT findthatfarm/views/results.html: 0
[2015-03-17 13:48:52] EDIT findthatfarm/views/results.html: 0
[2015-03-17 13:49:14] EDIT findthatfarm/views/results.html: -1
[2015-03-17 13:49:47] EDIT findthatfarm/views/results.html: 0
[2015-03-17 13:50:23] EDIT findthatfarm/views/results.html: 0
[2015-03-17 13:50:42] EDIT findthatfarm/views/results.html: 0
[2015-03-17 13:51:25] EDIT findthatfarm/views/default/index.html: 41
[2015-03-17 13:52:26] EDIT findthatfarm/views/default/index.html: -1
[2015-03-17 13:53:52] EDIT findthatfarm/views/default/index.html: -4
[2015-03-17 13:54:58] EDIT findthatfarm/views/default/index.html: 0
[2015-03-17 13:55:10] EDIT findthatfarm/views/default/index.html: 0
[2015-03-17 13:56:26] EDIT findthatfarm/views/default/index.html: 1
[2015-03-17 13:57:43] EDIT findthatfarm/views/default/index.html: 0
[2015-03-17 13:58:54] EDIT findthatfarm/views/default/index.html: 0
[2015-03-17 13:59:53] EDIT findthatfarm/views/default/index.html: -11
[2015-03-17 14:01:15] EDIT findthatfarm/views/default/index.html: 0
[2015-03-17 14:02:08] EDIT findthatfarm/views/default/index.html: 0
[2015-03-17 14:03:48] EDIT findthatfarm/views/default/index.html: 0
[2015-03-17 14:05:06] EDIT findthatfarm/views/default/index.html: 0
[2015-03-17 14:08:26] EDIT findthatfarm/views/default/index.html: 0
[2015-03-17 14:09:26] EDIT findthatfarm/views/default/index.html: -18
[2015-03-17 14:09:38] EDIT findthatfarm/views/default/index.html: 0
[2015-03-17 14:09:59] EDIT findthatfarm/views/default/index.html: 0
[2015-03-17 14:10:26] EDIT findthatfarm/views/default/index.html: 0
[2015-03-17 14:10:44] EDIT findthatfarm/views/default/index.html: 0
[2015-03-17 14:11:01] EDIT findthatfarm/views/default/index.html: 0
[2015-03-17 14:11:20] EDIT findthatfarm/views/default/index.html: 0
[2015-03-17 14:11:49] EDIT findthatfarm/views/default/index.html: -9
[2015-03-17 14:17:02] EDIT findthatfarm/views/default/index.html: 0
[2015-03-17 14:18:44] EDIT findthatfarm/views/default/index.html: 1
[2015-03-17 14:18:59] EDIT findthatfarm/views/default/index.html: 0
[2015-03-17 14:19:12] EDIT findthatfarm/views/default/index.html: -1
[2015-03-17 14:19:33] DELETE findthatfarm/views/default/index.html.1: -85
[2015-03-17 14:19:42] DELETE findthatfarm/views/results.html: -42
[2015-03-17 14:20:16] EDIT findthatfarm/views/default/index.html: 1
[2015-03-17 14:21:40] EDIT findthatfarm/views/default/index.html: 5
[2015-03-17 14:22:32] EDIT findthatfarm/views/default/index.html: 0
[2015-03-17 14:23:28] EDIT findthatfarm/views/default/index.html: 2
[2015-03-17 14:24:57] EDIT findthatfarm/views/default/index.html: 21
[2015-03-17 14:25:38] EDIT findthatfarm/views/default/index.html: -1
[2015-03-17 14:26:36] EDIT findthatfarm/views/default/index.html: -8
[2015-03-17 14:26:51] EDIT findthatfarm/views/default/index.html: -1
[2015-03-17 14:27:45] EDIT findthatfarm/views/default/index.html: 3
[2015-03-17 14:27:59] EDIT findthatfarm/views/default/index.html: 0
[2015-03-17 14:28:52] EDIT findthatfarm/views/default/index.html: 0
[2015-03-17 14:29:14] EDIT findthatfarm/views/default/index.html: 0
[2015-03-17 14:29:32] EDIT findthatfarm/views/default/index.html: 0
[2015-03-17 14:30:04] EDIT findthatfarm/views/default/index.html: 1
[2015-03-17 14:31:42] EDIT findthatfarm/views/default/index.html: 0
[2015-03-17 14:31:57] EDIT findthatfarm/views/default/index.html: 0
[2015-03-17 14:33:55] EDIT findthatfarm/views/default/index.html: 0
[2015-03-17 14:34:29] EDIT findthatfarm/views/default/index.html: 0
[2015-03-17 14:34:58] EDIT findthatfarm/views/default/index.html: 0
[2015-03-17 14:35:22] EDIT findthatfarm/views/default/index.html: 0
[2015-03-17 14:38:36] EDIT findthatfarm/views/default/index.html: 2
[2015-03-17 14:38:59] EDIT findthatfarm/views/default/index.html: 0
[2015-03-17 14:39:46] EDIT findthatfarm/views/default/index.html: 0
[2015-03-17 14:41:01] EDIT findthatfarm/views/default/index.html: 0
[2015-03-17 14:41:17] EDIT findthatfarm/views/default/index.html: 0
[2015-03-17 14:42:33] EDIT findthatfarm/views/default/index.html: 0
[2015-03-17 14:43:22] EDIT findthatfarm/views/default/index.html: 0
[2015-03-17 14:43:32] EDIT findthatfarm/views/default/index.html: -2
[2015-03-17 14:44:14] EDIT findthatfarm/views/default/index.html: 0
[2015-03-17 14:45:15] EDIT findthatfarm/views/default/index.html: -3
[2015-03-17 14:45:47] EDIT findthatfarm/views/default/index.html: 0
[2015-03-17 14:46:05] EDIT findthatfarm/views/default/index.html: 0
[2015-03-17 21:43:26] EDIT findthatfarm/views/default/index.html: 0
[2015-03-17 21:43:39] EDIT findthatfarm/views/default/index.html: 0
[2015-03-17 21:44:11] EDIT findthatfarm/views/default/index.html: 0
[2015-03-17 21:45:16] EDIT findthatfarm/views/default/index.html: 0
[2015-03-17 21:46:50] EDIT findthatfarm/views/default/index.html: 0
[2015-03-17 21:49:13] EDIT findthatfarm/views/default/index.html: 0
[2015-03-17 21:50:10] EDIT findthatfarm/views/default/index.html: -2
[2015-03-17 21:50:32] EDIT findthatfarm/views/default/index.html: 3
[2015-03-17 21:51:30] EDIT findthatfarm/views/default/index.html: 0
[2015-03-17 21:51:59] EDIT findthatfarm/views/default/index.html: 0
[2015-03-17 21:52:15] EDIT findthatfarm/views/default/index.html: 0
[2015-03-17 21:52:53] EDIT findthatfarm/views/default/index.html: 0
[2015-03-17 21:54:01] EDIT findthatfarm/views/default/index.html: 0
[2015-03-17 21:54:15] EDIT findthatfarm/views/default/index.html: 0
[2015-03-17 21:54:30] EDIT findthatfarm/views/default/index.html: 0
[2015-03-17 21:56:46] EDIT findthatfarm/views/default/index.html: 1
[2015-03-17 21:56:58] EDIT findthatfarm/views/default/index.html: -1
[2015-03-17 21:58:38] EDIT findthatfarm/views/default/index.html: 0
[2015-03-17 21:59:06] EDIT findthatfarm/views/default/index.html: 3
[2015-03-17 21:59:36] EDIT findthatfarm/views/default/index.html: 0
[2015-03-17 22:00:40] EDIT findthatfarm/views/default/index.html: 0
[2015-03-17 22:01:47] EDIT findthatfarm/views/layout.html: 0
[2015-03-17 22:03:16] EDIT findthatfarm/views/default/index.html: 0
[2015-03-17 22:05:22] EDIT findthatfarm/views/default/index.html: 0
[2015-03-17 22:05:35] EDIT findthatfarm/views/default/index.html: 0
[2015-03-17 22:07:24] EDIT findthatfarm/views/default/index.html: 0
[2015-03-17 22:07:49] EDIT findthatfarm/views/default/index.html: 0
[2015-03-17 22:08:21] EDIT findthatfarm/views/default/index.html: 0
[2015-03-17 22:09:37] EDIT findthatfarm/views/default/index.html: 0
[2015-03-17 22:09:52] EDIT findthatfarm/views/default/index.html: 0
[2015-03-17 22:10:56] EDIT findthatfarm/views/layout.html: 0
[2015-03-17 22:13:35] EDIT findthatfarm/views/default/index.html: 0
[2015-03-17 22:14:32] EDIT findthatfarm/views/default/index.html: -1
[2015-03-17 22:15:09] EDIT findthatfarm/views/default/index.html: 0
[2015-03-17 22:15:22] EDIT findthatfarm/views/default/index.html: 0
[2015-03-17 22:15:58] EDIT findthatfarm/views/default/index.html: 0
[2015-03-17 22:16:30] EDIT findthatfarm/views/default/index.html: 2
[2015-03-17 22:17:23] EDIT findthatfarm/views/default/index.html: 0
[2015-03-17 22:20:07] EDIT findthatfarm/views/default/index.html: 0
[2015-03-17 22:20:29] EDIT findthatfarm/views/default/index.html: -2
[2015-03-17 22:20:50] EDIT findthatfarm/views/default/index.html: 0
[2015-03-17 22:24:34] DELETE findthatfarm/views/default/index.html.1: -64
[2015-03-17 22:26:06] EDIT findthatfarm/views/default/index.html: 0
[2015-03-17 22:26:59] EDIT findthatfarm/views/default/index.html: 0
[2015-03-17 22:27:28] EDIT findthatfarm/views/default/index.html: -2
[2015-03-17 22:27:47] EDIT findthatfarm/views/default/index.html: 0
[2015-03-17 22:28:06] EDIT findthatfarm/views/default/index.html: 0
[2015-03-17 22:28:21] EDIT findthatfarm/views/default/index.html: 0
[2015-03-17 22:28:57] EDIT findthatfarm/views/default/index.html: 1
[2015-03-17 22:29:11] EDIT findthatfarm/views/default/index.html: 0
[2015-03-17 22:29:27] EDIT findthatfarm/views/default/index.html: 0
[2015-03-17 22:29:53] EDIT findthatfarm/views/default/index.html: 1
[2015-03-17 22:30:09] EDIT findthatfarm/views/default/index.html: 0
[2015-03-17 22:30:20] EDIT findthatfarm/views/default/index.html: 0
[2015-03-17 22:30:36] EDIT findthatfarm/views/default/index.html: 0
[2015-03-17 22:30:46] EDIT findthatfarm/views/default/index.html: 0
[2015-03-17 22:31:27] EDIT findthatfarm/views/default/index.html: 0
[2015-03-17 22:31:35] EDIT findthatfarm/views/default/index.html: 0
[2015-03-17 22:31:50] EDIT findthatfarm/views/default/index.html: 2
[2015-03-17 22:32:01] EDIT findthatfarm/views/default/index.html: -2
[2015-03-17 22:32:25] EDIT findthatfarm/views/default/index.html: 0
[2015-03-17 22:32:47] EDIT findthatfarm/views/default/index.html: -2
[2015-03-17 22:34:05] EDIT findthatfarm/models/tables.py: 0
[2015-03-17 22:34:06] EDIT findthatfarm/controllers/default.py: 0
[2015-03-17 22:34:09] EDIT findthatfarm/views/default/all.html: 0
[2015-03-17 22:34:11] EDIT findthatfarm/views/default/edit.html: 0
[2015-03-17 22:34:13] EDIT findthatfarm/views/default/index.html: 0
[2015-03-17 22:34:15] EDIT findthatfarm/views/default/search.html: 0
[2015-03-17 22:36:44] EDIT findthatfarm/views/default/index.html: 0
[2015-03-17 22:37:40] EDIT findthatfarm/views/default/index.html: 0
[2015-03-17 22:45:27] EDIT findthatfarm/controllers/default.py: 1
[2015-03-17 22:46:01] EDIT findthatfarm/controllers/default.py: -1
[2015-03-17 22:47:35] EDIT findthatfarm/views/default/index.html: 4
[2015-03-17 22:48:38] EDIT findthatfarm/views/default/search.html: 5
[2015-03-17 22:49:04] EDIT findthatfarm/views/default/index.html: 0
[2015-03-17 22:49:47] EDIT findthatfarm/views/default/index.html: -4
[2015-03-17 22:50:11] EDIT findthatfarm/views/default/all.html: 4
[2015-03-17 22:50:21] EDIT findthatfarm/models/tables.py: 0
[2015-03-17 22:50:23] EDIT findthatfarm/controllers/default.py: 0
[2015-03-17 22:50:25] EDIT findthatfarm/views/default/all.html: 0
[2015-03-17 22:50:29] EDIT findthatfarm/views/default/edit.html: 0
[2015-03-17 22:50:32] EDIT findthatfarm/views/default/index.html: 0
[2015-03-17 22:50:35] EDIT findthatfarm/views/default/search.html: 0
